Excelsior JET v12.0 Evaluation 64-bit (c) Excelsior 1997,2016
Active Java SE Version 1.8.0_121 (profile 8121)
************************  JET v12.0 EVALUATION **************************
*  This program cannot be used in a business, commercial, government,  *
*  or  institutional  environment  except  for  evaluation  purposes.  *
************************************************************************
Make project "C:\Users\saber\Documents\PROGRAMS\jrdp\src\jrdp\JRDP-0.1.0.prj"
Reading ../../Builds/JRDP-0.1.0.jar ...  16 classes
Reading ../../Builds ...  0 classes

Total compilable classes within classpath entries: 16

------------------------  Parsing Stage  ---------------------------------------

   1/16: ..\..\Builds\JRDP-0.1.0.jar:/jrdp/InputHandler$1.class
   2/16: ..\..\Builds\JRDP-0.1.0.jar:/jrdp/InputHandler.class
   3/16: ..\..\Builds\JRDP-0.1.0.jar:/jrdp/NetworkHandler.class
   4/16: ..\..\Builds\JRDP-0.1.0.jar:/jrdp/Client$ListenFromServer.class
   5/16: ..\..\Builds\JRDP-0.1.0.jar:/jrdp/Client$SendInput$1.class
   6/16: ..\..\Builds\JRDP-0.1.0.jar:/jrdp/Client$SendInput$2.class
   7/16: ..\..\Builds\JRDP-0.1.0.jar:/jrdp/Client$SendInput$3.class
   8/16: ..\..\Builds\JRDP-0.1.0.jar:/jrdp/Client$SendInput.class
   9/16: ..\..\Builds\JRDP-0.1.0.jar:/jrdp/Client.class
  10/16: ..\..\Builds\JRDP-0.1.0.jar:/jrdp/ImageHandler.class
  11/16: ..\..\Builds\JRDP-0.1.0.jar:/jrdp/JRDP$1.class
  12/16: ..\..\Builds\JRDP-0.1.0.jar:/jrdp/JRDP$2.class
  13/16: ..\..\Builds\JRDP-0.1.0.jar:/jrdp/JRDP.class
  14/16: ..\..\Builds\JRDP-0.1.0.jar:/jrdp/Server$ClientThread$1.class
  15/16: ..\..\Builds\JRDP-0.1.0.jar:/jrdp/Server$ClientThread.class
  16/16: ..\..\Builds\JRDP-0.1.0.jar:/jrdp/Server.class
-------------------------------------------------------------------
files: 16  errors: 0  warnings: 0  notices: 0

--------------------  Inline Planning Stage  -----------------------------------
                    

-------------------------------------------------------------------

------------------------  Codegen Stage  ---------------------------------------

  0% done, 16/16 to go: ..\..\Builds\JRDP-0.1.0.jar:/jrdp/Server.class
errors(0), warnings(0), notes(0); bytes(6513), time  0.39
  6% done, 15/16 to go: ..\..\Builds\JRDP-0.1.0.jar:/jrdp/Server$ClientThread.class
errors(0), warnings(0), notes(0); bytes(16171), time  1.00
 12% done, 14/16 to go: ..\..\Builds\JRDP-0.1.0.jar:/jrdp/Server$ClientThread$1.class
errors(0), warnings(0), notes(0); bytes(8255), time  0.74
 18% done, 13/16 to go: ..\..\Builds\JRDP-0.1.0.jar:/jrdp/JRDP.class
errors(0), warnings(0), notes(0); bytes(99219), time  1.52
 25% done, 12/16 to go: ..\..\Builds\JRDP-0.1.0.jar:/jrdp/JRDP$2.class
errors(0), warnings(0), notes(0); bytes(5354), time  0.72
 31% done, 11/16 to go: ..\..\Builds\JRDP-0.1.0.jar:/jrdp/JRDP$1.class
errors(0), warnings(0), notes(0); bytes(4849), time  0.07
 37% done, 10/16 to go: ..\..\Builds\JRDP-0.1.0.jar:/jrdp/ImageHandler.class
errors(0), warnings(0), notes(0); bytes(14344), time  0.82
 43% done, 9/16 to go: ..\..\Builds\JRDP-0.1.0.jar:/jrdp/Client.class
errors(0), warnings(0), notes(0); bytes(98663), time  0.88
 50% done, 8/16 to go: ..\..\Builds\JRDP-0.1.0.jar:/jrdp/Client$SendInput.class
errors(0), warnings(0), notes(0); bytes(9270), time  0.70
 56% done, 7/16 to go: ..\..\Builds\JRDP-0.1.0.jar:/jrdp/Client$SendInput$3.class
errors(0), warnings(0), notes(0); bytes(6958), time  0.68
 62% done, 6/16 to go: ..\..\Builds\JRDP-0.1.0.jar:/jrdp/Client$SendInput$2.class
errors(0), warnings(0), notes(0); bytes(7363), time  0.09
 68% done, 5/16 to go: ..\..\Builds\JRDP-0.1.0.jar:/jrdp/Client$SendInput$1.class
errors(0), warnings(0), notes(0); bytes(6833), time  0.65
 75% done, 4/16 to go: ..\..\Builds\JRDP-0.1.0.jar:/jrdp/Client$ListenFromServer.class
errors(0), warnings(0), notes(0); bytes(9745), time  0.72
 81% done, 3/16 to go: ..\..\Builds\JRDP-0.1.0.jar:/jrdp/NetworkHandler.class
errors(0), warnings(0), notes(0); bytes(7233), time  0.07
 87% done, 2/16 to go: ..\..\Builds\JRDP-0.1.0.jar:/jrdp/InputHandler.class
errors(0), warnings(0), notes(0); bytes(5620), time  0.63
 93% done, 1/16 to go: ..\..\Builds\JRDP-0.1.0.jar:/jrdp/InputHandler$1.class
errors(0), warnings(0), notes(0); bytes(9760), time  0.71
Processing startup profile...
Preparing resources for packing ...
Processing ../../Builds/JRDP-0.1.0.jar ...
Resources were successfully prepared for packing.
-------------------------------------------------------------------
files: 16  errors: 0  warnings: 0  notices: 0

XDS Link Version 2.25.37 Copyright (c) Excelsior 1995-2017.
No errors, no warnings

Link time 0:01.37

Total compilation time 0:58.75
Startup Accelerator Helper Version 1.2 Copyright (c) Excelsior 2010-2015.

Running application:
  "C:\Users\saber\Documents\PROGRAMS\jrdp\src\jrdp\JRDP-0.1.0.exe" "-Xmx512M" "JRDP"


Application terminated with exit code 0
Profile successfully hard-wired into "C:\Users\saber\Documents\PROGRAMS\jrdp\src\jrdp\JRDP-0.1.0.exe"

